<?xml version="1.0" encoding="UTF-8"?>
<testsuite xmlns:xsi="http://www.w3.org/2001/XMLSchema-instance" xsi:noNamespaceSchemaLocation="https://maven.apache.org/surefire/maven-surefire-plugin/xsd/surefire-test-report-3.0.xsd" version="3.0" name="org.test.AppTest" time="0.027" tests="1" errors="0" skipped="0" failures="0">
  <properties>
    <property name="java.specification.version" value="21"/>
    <property name="sun.jnu.encoding" value="UTF-8"/>
    <property name="java.class.path" value="/Users/tnehru/IdeaProjects/selenium_project/target/test-classes:/Users/tnehru/IdeaProjects/selenium_project/target/classes:/Users/tnehru/.m2/repository/junit/junit/3.8.1/junit-3.8.1.jar:/Users/tnehru/.m2/repository/org/seleniumhq/selenium/selenium-java/4.25.0/selenium-java-4.25.0.jar:/Users/tnehru/.m2/repository/org/seleniumhq/selenium/selenium-api/4.25.0/selenium-api-4.25.0.jar:/Users/tnehru/.m2/repository/org/jspecify/jspecify/1.0.0/jspecify-1.0.0.jar:/Users/tnehru/.m2/repository/org/seleniumhq/selenium/selenium-chrome-driver/4.25.0/selenium-chrome-driver-4.25.0.jar:/Users/tnehru/.m2/repository/org/seleniumhq/selenium/selenium-chromium-driver/4.25.0/selenium-chromium-driver-4.25.0.jar:/Users/tnehru/.m2/repository/org/seleniumhq/selenium/selenium-devtools-v127/4.25.0/selenium-devtools-v127-4.25.0.jar:/Users/tnehru/.m2/repository/org/seleniumhq/selenium/selenium-devtools-v128/4.25.0/selenium-devtools-v128-4.25.0.jar:/Users/tnehru/.m2/repository/org/seleniumhq/selenium/selenium-devtools-v129/4.25.0/selenium-devtools-v129-4.25.0.jar:/Users/tnehru/.m2/repository/org/seleniumhq/selenium/selenium-devtools-v85/4.25.0/selenium-devtools-v85-4.25.0.jar:/Users/tnehru/.m2/repository/org/seleniumhq/selenium/selenium-edge-driver/4.25.0/selenium-edge-driver-4.25.0.jar:/Users/tnehru/.m2/repository/org/seleniumhq/selenium/selenium-firefox-driver/4.25.0/selenium-firefox-driver-4.25.0.jar:/Users/tnehru/.m2/repository/org/seleniumhq/selenium/selenium-ie-driver/4.25.0/selenium-ie-driver-4.25.0.jar:/Users/tnehru/.m2/repository/org/seleniumhq/selenium/selenium-remote-driver/4.25.0/selenium-remote-driver-4.25.0.jar:/Users/tnehru/.m2/repository/io/opentelemetry/semconv/opentelemetry-semconv/1.25.0-alpha/opentelemetry-semconv-1.25.0-alpha.jar:/Users/tnehru/.m2/repository/io/opentelemetry/opentelemetry-api/1.42.1/opentelemetry-api-1.42.1.jar:/Users/tnehru/.m2/repository/io/opentelemetry/opentelemetry-context/1.42.1/opentelemetry-context-1.42.1.jar:/Users/tnehru/.m2/repository/io/opentelemetry/opentelemetry-exporter-logging/1.42.1/opentelemetry-exporter-logging-1.42.1.jar:/Users/tnehru/.m2/repository/io/opentelemetry/opentelemetry-sdk-common/1.42.1/opentelemetry-sdk-common-1.42.1.jar:/Users/tnehru/.m2/repository/io/opentelemetry/opentelemetry-sdk-extension-autoconfigure-spi/1.42.1/opentelemetry-sdk-extension-autoconfigure-spi-1.42.1.jar:/Users/tnehru/.m2/repository/io/opentelemetry/opentelemetry-sdk-extension-autoconfigure/1.42.1/opentelemetry-sdk-extension-autoconfigure-1.42.1.jar:/Users/tnehru/.m2/repository/io/opentelemetry/opentelemetry-api-incubator/1.42.1-alpha/opentelemetry-api-incubator-1.42.1-alpha.jar:/Users/tnehru/.m2/repository/io/opentelemetry/opentelemetry-sdk-trace/1.42.1/opentelemetry-sdk-trace-1.42.1.jar:/Users/tnehru/.m2/repository/io/opentelemetry/opentelemetry-sdk/1.42.1/opentelemetry-sdk-1.42.1.jar:/Users/tnehru/.m2/repository/io/opentelemetry/opentelemetry-sdk-metrics/1.42.1/opentelemetry-sdk-metrics-1.42.1.jar:/Users/tnehru/.m2/repository/io/opentelemetry/opentelemetry-sdk-logs/1.42.1/opentelemetry-sdk-logs-1.42.1.jar:/Users/tnehru/.m2/repository/net/bytebuddy/byte-buddy/1.15.1/byte-buddy-1.15.1.jar:/Users/tnehru/.m2/repository/org/seleniumhq/selenium/selenium-os/4.25.0/selenium-os-4.25.0.jar:/Users/tnehru/.m2/repository/org/apache/commons/commons-exec/1.4.0/commons-exec-1.4.0.jar:/Users/tnehru/.m2/repository/org/seleniumhq/selenium/selenium-safari-driver/4.25.0/selenium-safari-driver-4.25.0.jar:/Users/tnehru/.m2/repository/org/seleniumhq/selenium/selenium-support/4.25.0/selenium-support-4.25.0.jar:/Users/tnehru/.m2/repository/org/seleniumhq/selenium/selenium-grid/4.25.0/selenium-grid-4.25.0.jar:/Users/tnehru/.m2/repository/com/beust/jcommander/1.82/jcommander-1.82.jar:/Users/tnehru/.m2/repository/com/google/auto/service/auto-service-annotations/1.1.1/auto-service-annotations-1.1.1.jar:/Users/tnehru/.m2/repository/com/google/guava/guava/33.3.0-jre/guava-33.3.0-jre.jar:/Users/tnehru/.m2/repository/com/google/guava/failureaccess/1.0.2/failureaccess-1.0.2.jar:/Users/tnehru/.m2/repository/com/google/guava/listenablefuture/9999.0-empty-to-avoid-conflict-with-guava/listenablefuture-9999.0-empty-to-avoid-conflict-with-guava.jar:/Users/tnehru/.m2/repository/com/google/code/findbugs/jsr305/3.0.2/jsr305-3.0.2.jar:/Users/tnehru/.m2/repository/org/checkerframework/checker-qual/3.43.0/checker-qual-3.43.0.jar:/Users/tnehru/.m2/repository/com/google/errorprone/error_prone_annotations/2.28.0/error_prone_annotations-2.28.0.jar:/Users/tnehru/.m2/repository/com/google/j2objc/j2objc-annotations/3.0.0/j2objc-annotations-3.0.0.jar:/Users/tnehru/.m2/repository/com/graphql-java/graphql-java/20.2/graphql-java-20.2.jar:/Users/tnehru/.m2/repository/org/reactivestreams/reactive-streams/1.0.3/reactive-streams-1.0.3.jar:/Users/tnehru/.m2/repository/org/slf4j/slf4j-api/1.7.35/slf4j-api-1.7.35.jar:/Users/tnehru/.m2/repository/com/graphql-java/java-dataloader/3.2.0/java-dataloader-3.2.0.jar:/Users/tnehru/.m2/repository/dev/failsafe/failsafe/3.3.2/failsafe-3.3.2.jar:/Users/tnehru/.m2/repository/io/netty/netty-buffer/4.1.113.Final/netty-buffer-4.1.113.Final.jar:/Users/tnehru/.m2/repository/io/netty/netty-codec-http/4.1.113.Final/netty-codec-http-4.1.113.Final.jar:/Users/tnehru/.m2/repository/io/netty/netty-codec/4.1.113.Final/netty-codec-4.1.113.Final.jar:/Users/tnehru/.m2/repository/io/netty/netty-common/4.1.113.Final/netty-common-4.1.113.Final.jar:/Users/tnehru/.m2/repository/io/netty/netty-handler/4.1.113.Final/netty-handler-4.1.113.Final.jar:/Users/tnehru/.m2/repository/io/netty/netty-resolver/4.1.113.Final/netty-resolver-4.1.113.Final.jar:/Users/tnehru/.m2/repository/io/netty/netty-transport-native-unix-common/4.1.113.Final/netty-transport-native-unix-common-4.1.113.Final.jar:/Users/tnehru/.m2/repository/io/netty/netty-transport/4.1.113.Final/netty-transport-4.1.113.Final.jar:/Users/tnehru/.m2/repository/io/ous/jtoml/2.0.0/jtoml-2.0.0.jar:/Users/tnehru/.m2/repository/org/bouncycastle/bcpkix-jdk18on/1.78.1/bcpkix-jdk18on-1.78.1.jar:/Users/tnehru/.m2/repository/org/bouncycastle/bcprov-jdk18on/1.78.1/bcprov-jdk18on-1.78.1.jar:/Users/tnehru/.m2/repository/org/bouncycastle/bcutil-jdk18on/1.78.1/bcutil-jdk18on-1.78.1.jar:/Users/tnehru/.m2/repository/org/seleniumhq/selenium/selenium-http/4.25.0/selenium-http-4.25.0.jar:/Users/tnehru/.m2/repository/org/seleniumhq/selenium/selenium-json/4.25.0/selenium-json-4.25.0.jar:/Users/tnehru/.m2/repository/org/seleniumhq/selenium/selenium-manager/4.25.0/selenium-manager-4.25.0.jar:/Users/tnehru/.m2/repository/org/zeromq/jeromq/0.6.0/jeromq-0.6.0.jar:/Users/tnehru/.m2/repository/eu/neilalexander/jnacl/1.0.0/jnacl-1.0.0.jar:/Users/tnehru/.m2/repository/com/titusfortner/selenium-logger/2.4.0/selenium-logger-2.4.0.jar:/Users/tnehru/.m2/repository/org/slf4j/slf4j-nop/2.0.6/slf4j-nop-2.0.6.jar:/Users/tnehru/.m2/repository/commons-io/commons-io/2.17.0/commons-io-2.17.0.jar:"/>
    <property name="java.vm.vendor" value="Apple Inc."/>
    <property name="sun.arch.data.model" value="64"/>
    <property name="java.vendor.url" value="https://java.apple.com"/>
    <property name="os.name" value="Mac OS X"/>
    <property name="java.vm.specification.version" value="21"/>
    <property name="sun.java.launcher" value="SUN_STANDARD"/>
    <property name="user.country" value="US"/>
    <property name="sun.boot.library.path" value="/Library/Java/JavaVirtualMachines/applejdk-21.0.4.7.1.jdk/Contents/Home/lib"/>
    <property name="sun.java.command" value="/Users/tnehru/IdeaProjects/selenium_project/target/surefire/surefirebooter-20241012020405791_3.jar /Users/tnehru/IdeaProjects/selenium_project/target/surefire 2024-10-12T02-04-05_688-jvmRun1 surefire-20241012020405791_1tmp surefire_0-20241012020405791_2tmp"/>
    <property name="http.nonProxyHosts" value="local|*.local|169.254/16|*.169.254/16"/>
    <property name="jdk.debug" value="release"/>
    <property name="surefire.test.class.path" value="/Users/tnehru/IdeaProjects/selenium_project/target/test-classes:/Users/tnehru/IdeaProjects/selenium_project/target/classes:/Users/tnehru/.m2/repository/junit/junit/3.8.1/junit-3.8.1.jar:/Users/tnehru/.m2/repository/org/seleniumhq/selenium/selenium-java/4.25.0/selenium-java-4.25.0.jar:/Users/tnehru/.m2/repository/org/seleniumhq/selenium/selenium-api/4.25.0/selenium-api-4.25.0.jar:/Users/tnehru/.m2/repository/org/jspecify/jspecify/1.0.0/jspecify-1.0.0.jar:/Users/tnehru/.m2/repository/org/seleniumhq/selenium/selenium-chrome-driver/4.25.0/selenium-chrome-driver-4.25.0.jar:/Users/tnehru/.m2/repository/org/seleniumhq/selenium/selenium-chromium-driver/4.25.0/selenium-chromium-driver-4.25.0.jar:/Users/tnehru/.m2/repository/org/seleniumhq/selenium/selenium-devtools-v127/4.25.0/selenium-devtools-v127-4.25.0.jar:/Users/tnehru/.m2/repository/org/seleniumhq/selenium/selenium-devtools-v128/4.25.0/selenium-devtools-v128-4.25.0.jar:/Users/tnehru/.m2/repository/org/seleniumhq/selenium/selenium-devtools-v129/4.25.0/selenium-devtools-v129-4.25.0.jar:/Users/tnehru/.m2/repository/org/seleniumhq/selenium/selenium-devtools-v85/4.25.0/selenium-devtools-v85-4.25.0.jar:/Users/tnehru/.m2/repository/org/seleniumhq/selenium/selenium-edge-driver/4.25.0/selenium-edge-driver-4.25.0.jar:/Users/tnehru/.m2/repository/org/seleniumhq/selenium/selenium-firefox-driver/4.25.0/selenium-firefox-driver-4.25.0.jar:/Users/tnehru/.m2/repository/org/seleniumhq/selenium/selenium-ie-driver/4.25.0/selenium-ie-driver-4.25.0.jar:/Users/tnehru/.m2/repository/org/seleniumhq/selenium/selenium-remote-driver/4.25.0/selenium-remote-driver-4.25.0.jar:/Users/tnehru/.m2/repository/io/opentelemetry/semconv/opentelemetry-semconv/1.25.0-alpha/opentelemetry-semconv-1.25.0-alpha.jar:/Users/tnehru/.m2/repository/io/opentelemetry/opentelemetry-api/1.42.1/opentelemetry-api-1.42.1.jar:/Users/tnehru/.m2/repository/io/opentelemetry/opentelemetry-context/1.42.1/opentelemetry-context-1.42.1.jar:/Users/tnehru/.m2/repository/io/opentelemetry/opentelemetry-exporter-logging/1.42.1/opentelemetry-exporter-logging-1.42.1.jar:/Users/tnehru/.m2/repository/io/opentelemetry/opentelemetry-sdk-common/1.42.1/opentelemetry-sdk-common-1.42.1.jar:/Users/tnehru/.m2/repository/io/opentelemetry/opentelemetry-sdk-extension-autoconfigure-spi/1.42.1/opentelemetry-sdk-extension-autoconfigure-spi-1.42.1.jar:/Users/tnehru/.m2/repository/io/opentelemetry/opentelemetry-sdk-extension-autoconfigure/1.42.1/opentelemetry-sdk-extension-autoconfigure-1.42.1.jar:/Users/tnehru/.m2/repository/io/opentelemetry/opentelemetry-api-incubator/1.42.1-alpha/opentelemetry-api-incubator-1.42.1-alpha.jar:/Users/tnehru/.m2/repository/io/opentelemetry/opentelemetry-sdk-trace/1.42.1/opentelemetry-sdk-trace-1.42.1.jar:/Users/tnehru/.m2/repository/io/opentelemetry/opentelemetry-sdk/1.42.1/opentelemetry-sdk-1.42.1.jar:/Users/tnehru/.m2/repository/io/opentelemetry/opentelemetry-sdk-metrics/1.42.1/opentelemetry-sdk-metrics-1.42.1.jar:/Users/tnehru/.m2/repository/io/opentelemetry/opentelemetry-sdk-logs/1.42.1/opentelemetry-sdk-logs-1.42.1.jar:/Users/tnehru/.m2/repository/net/bytebuddy/byte-buddy/1.15.1/byte-buddy-1.15.1.jar:/Users/tnehru/.m2/repository/org/seleniumhq/selenium/selenium-os/4.25.0/selenium-os-4.25.0.jar:/Users/tnehru/.m2/repository/org/apache/commons/commons-exec/1.4.0/commons-exec-1.4.0.jar:/Users/tnehru/.m2/repository/org/seleniumhq/selenium/selenium-safari-driver/4.25.0/selenium-safari-driver-4.25.0.jar:/Users/tnehru/.m2/repository/org/seleniumhq/selenium/selenium-support/4.25.0/selenium-support-4.25.0.jar:/Users/tnehru/.m2/repository/org/seleniumhq/selenium/selenium-grid/4.25.0/selenium-grid-4.25.0.jar:/Users/tnehru/.m2/repository/com/beust/jcommander/1.82/jcommander-1.82.jar:/Users/tnehru/.m2/repository/com/google/auto/service/auto-service-annotations/1.1.1/auto-service-annotations-1.1.1.jar:/Users/tnehru/.m2/repository/com/google/guava/guava/33.3.0-jre/guava-33.3.0-jre.jar:/Users/tnehru/.m2/repository/com/google/guava/failureaccess/1.0.2/failureaccess-1.0.2.jar:/Users/tnehru/.m2/repository/com/google/guava/listenablefuture/9999.0-empty-to-avoid-conflict-with-guava/listenablefuture-9999.0-empty-to-avoid-conflict-with-guava.jar:/Users/tnehru/.m2/repository/com/google/code/findbugs/jsr305/3.0.2/jsr305-3.0.2.jar:/Users/tnehru/.m2/repository/org/checkerframework/checker-qual/3.43.0/checker-qual-3.43.0.jar:/Users/tnehru/.m2/repository/com/google/errorprone/error_prone_annotations/2.28.0/error_prone_annotations-2.28.0.jar:/Users/tnehru/.m2/repository/com/google/j2objc/j2objc-annotations/3.0.0/j2objc-annotations-3.0.0.jar:/Users/tnehru/.m2/repository/com/graphql-java/graphql-java/20.2/graphql-java-20.2.jar:/Users/tnehru/.m2/repository/org/reactivestreams/reactive-streams/1.0.3/reactive-streams-1.0.3.jar:/Users/tnehru/.m2/repository/org/slf4j/slf4j-api/1.7.35/slf4j-api-1.7.35.jar:/Users/tnehru/.m2/repository/com/graphql-java/java-dataloader/3.2.0/java-dataloader-3.2.0.jar:/Users/tnehru/.m2/repository/dev/failsafe/failsafe/3.3.2/failsafe-3.3.2.jar:/Users/tnehru/.m2/repository/io/netty/netty-buffer/4.1.113.Final/netty-buffer-4.1.113.Final.jar:/Users/tnehru/.m2/repository/io/netty/netty-codec-http/4.1.113.Final/netty-codec-http-4.1.113.Final.jar:/Users/tnehru/.m2/repository/io/netty/netty-codec/4.1.113.Final/netty-codec-4.1.113.Final.jar:/Users/tnehru/.m2/repository/io/netty/netty-common/4.1.113.Final/netty-common-4.1.113.Final.jar:/Users/tnehru/.m2/repository/io/netty/netty-handler/4.1.113.Final/netty-handler-4.1.113.Final.jar:/Users/tnehru/.m2/repository/io/netty/netty-resolver/4.1.113.Final/netty-resolver-4.1.113.Final.jar:/Users/tnehru/.m2/repository/io/netty/netty-transport-native-unix-common/4.1.113.Final/netty-transport-native-unix-common-4.1.113.Final.jar:/Users/tnehru/.m2/repository/io/netty/netty-transport/4.1.113.Final/netty-transport-4.1.113.Final.jar:/Users/tnehru/.m2/repository/io/ous/jtoml/2.0.0/jtoml-2.0.0.jar:/Users/tnehru/.m2/repository/org/bouncycastle/bcpkix-jdk18on/1.78.1/bcpkix-jdk18on-1.78.1.jar:/Users/tnehru/.m2/repository/org/bouncycastle/bcprov-jdk18on/1.78.1/bcprov-jdk18on-1.78.1.jar:/Users/tnehru/.m2/repository/org/bouncycastle/bcutil-jdk18on/1.78.1/bcutil-jdk18on-1.78.1.jar:/Users/tnehru/.m2/repository/org/seleniumhq/selenium/selenium-http/4.25.0/selenium-http-4.25.0.jar:/Users/tnehru/.m2/repository/org/seleniumhq/selenium/selenium-json/4.25.0/selenium-json-4.25.0.jar:/Users/tnehru/.m2/repository/org/seleniumhq/selenium/selenium-manager/4.25.0/selenium-manager-4.25.0.jar:/Users/tnehru/.m2/repository/org/zeromq/jeromq/0.6.0/jeromq-0.6.0.jar:/Users/tnehru/.m2/repository/eu/neilalexander/jnacl/1.0.0/jnacl-1.0.0.jar:/Users/tnehru/.m2/repository/com/titusfortner/selenium-logger/2.4.0/selenium-logger-2.4.0.jar:/Users/tnehru/.m2/repository/org/slf4j/slf4j-nop/2.0.6/slf4j-nop-2.0.6.jar:/Users/tnehru/.m2/repository/commons-io/commons-io/2.17.0/commons-io-2.17.0.jar:"/>
    <property name="sun.cpu.endian" value="little"/>
    <property name="user.home" value="/Users/tnehru"/>
    <property name="user.language" value="en"/>
    <property name="java.specification.vendor" value="Oracle Corporation"/>
    <property name="java.version.date" value="2024-07-16"/>
    <property name="java.home" value="/Library/Java/JavaVirtualMachines/applejdk-21.0.4.7.1.jdk/Contents/Home"/>
    <property name="file.separator" value="/"/>
    <property name="basedir" value="/Users/tnehru/IdeaProjects/selenium_project"/>
    <property name="java.vm.compressedOopsMode" value="Zero based"/>
    <property name="line.separator" value="&#10;"/>
    <property name="java.vm.specification.vendor" value="Oracle Corporation"/>
    <property name="java.specification.name" value="Java Platform API Specification"/>
    <property name="apple.awt.application.name" value="ForkedBooter"/>
    <property name="surefire.real.class.path" value="/Users/tnehru/IdeaProjects/selenium_project/target/surefire/surefirebooter-20241012020405791_3.jar"/>
    <property name="sun.management.compiler" value="HotSpot 64-Bit Tiered Compilers"/>
    <property name="ftp.nonProxyHosts" value="local|*.local|169.254/16|*.169.254/16"/>
    <property name="java.runtime.version" value="21.0.4+7-LTS"/>
    <property name="user.name" value="tnehru"/>
    <property name="stdout.encoding" value="UTF-8"/>
    <property name="path.separator" value=":"/>
    <property name="os.version" value="14.4.1"/>
    <property name="java.runtime.name" value="OpenJDK Runtime Environment"/>
    <property name="file.encoding" value="UTF-8"/>
    <property name="java.vm.name" value="OpenJDK 64-Bit Server VM"/>
    <property name="java.vendor.version" value="AppleJDK-21.0.4.7.1"/>
    <property name="localRepository" value="/Users/tnehru/.m2/repository"/>
    <property name="java.vendor.url.bug" value="rdar://new/problem?componentId=1003593&amp;title=21.0.4.7.1%%20JDK%%20Bug"/>
    <property name="java.io.tmpdir" value="/var/folders/2b/1h0qbs6d6sq4673vvpk8ly3c0000gn/T/"/>
    <property name="idea.version" value="2023.2.3"/>
    <property name="java.version" value="21.0.4"/>
    <property name="user.dir" value="/Users/tnehru/IdeaProjects/selenium_project"/>
    <property name="os.arch" value="x86_64"/>
    <property name="java.vm.specification.name" value="Java Virtual Machine Specification"/>
    <property name="native.encoding" value="UTF-8"/>
    <property name="java.library.path" value="/Users/tnehru/Library/Java/Extensions:/Library/Java/Extensions:/Network/Library/Java/Extensions:/System/Library/Java/Extensions:/usr/lib/java:."/>
    <property name="java.vm.info" value="mixed mode, sharing"/>
    <property name="stderr.encoding" value="UTF-8"/>
    <property name="java.vendor" value="Apple Inc."/>
    <property name="java.vm.version" value="21.0.4+7-LTS"/>
    <property name="sun.io.unicode.encoding" value="UnicodeBig"/>
    <property name="socksNonProxyHosts" value="local|*.local|169.254/16|*.169.254/16"/>
    <property name="java.class.version" value="65.0"/>
  </properties>
  <testcase name="testApp" classname="org.test.AppTest" time="0.004"/>
</testsuite>